<?xml version="1.0" encoding="UTF-8"?>
<coverage generated="1682438631000" clover="3.2.0">
  <project timestamp="1682438631001" name="All files">
    <metrics statements="7" coveredstatements="6" conditionals="5" coveredconditionals="4" methods="3" coveredmethods="3" elements="15" coveredelements="13" complexity="0" loc="7" ncloc="7" packages="2" files="2" classes="2"/>
    <package name="components.resultsSummary">
      <metrics statements="4" coveredstatements="3" conditionals="3" coveredconditionals="2" methods="2" coveredmethods="2"/>
      <file name="ResultSummaryAPI.tsx" path="/home/nobimeromeo/Documents/projects/results-summary-component/frontend/src/components/resultsSummary/ResultSummaryAPI.tsx">
        <metrics statements="4" coveredstatements="3" conditionals="3" coveredconditionals="2" methods="2" coveredmethods="2"/>
        <line num="1" count="1" type="cond" truecount="1" falsecount="0"/>
        <line num="2" count="1" type="cond" truecount="0" falsecount="1"/>
        <line num="3" count="0" type="stmt"/>
        <line num="4" count="1" type="cond" truecount="1" falsecount="0"/>
      </file>
    </package>
    <package name="utils">
      <metrics statements="3" coveredstatements="3" conditionals="2" coveredconditionals="2" methods="1" coveredmethods="1"/>
      <file name="sum.tsx" path="/home/nobimeromeo/Documents/projects/results-summary-component/frontend/src/utils/sum.tsx">
        <metrics statements="3" coveredstatements="3" conditionals="2" coveredconditionals="2" methods="1" coveredmethods="1"/>
        <line num="1" count="1" type="cond" truecount="1" falsecount="0"/>
        <line num="2" count="1" type="cond" truecount="1" falsecount="0"/>
        <line num="3" count="1" type="stmt"/>
      </file>
    </package>
  </project>
</coverage>
