{"/home/nobimeromeo/Documents/projects/results-summary-component/frontend/src/components/resultsSummary/ResultSummaryAPI.tsx": {"path":"/home/nobimeromeo/Documents/projects/results-summary-component/frontend/src/components/resultsSummary/ResultSummaryAPI.tsx","all":false,"statementMap":{"0":{"start":{"line":1,"column":0},"end":{"line":1,"column":40}},"1":{"start":{"line":2,"column":0},"end":{"line":2,"column":65}},"2":{"start":{"line":3,"column":0},"end":{"line":3,"column":26}},"3":{"start":{"line":4,"column":0},"end":{"line":4,"column":1}}},"s":{"0":1,"1":1,"2":0,"3":1},"branchMap":{"0":{"type":"branch","line":1,"loc":{"start":{"line":1,"column":39},"end":{"line":4,"column":1}},"locations":[{"start":{"line":1,"column":39},"end":{"line":4,"column":1}}]},"1":{"type":"branch","line":2,"loc":{"start":{"line":2,"column":64},"end":{"line":4,"column":1}},"locations":[{"start":{"line":2,"column":64},"end":{"line":4,"column":1}}]},"2":{"type":"branch","line":4,"loc":{"start":{"line":4,"column":0},"end":{"line":4,"column":1}},"locations":[{"start":{"line":4,"column":0},"end":{"line":4,"column":1}}]}},"b":{"0":[1],"1":[0],"2":[1]},"fnMap":{"0":{"name":"fetchScores","decl":{"start":{"line":1,"column":39},"end":{"line":4,"column":1}},"loc":{"start":{"line":1,"column":39},"end":{"line":4,"column":1}},"line":1},"1":{"name":"get","decl":{"start":{"line":4,"column":0},"end":{"line":4,"column":1}},"loc":{"start":{"line":4,"column":0},"end":{"line":4,"column":1}},"line":4}},"f":{"0":1,"1":1}}
,"/home/nobimeromeo/Documents/projects/results-summary-component/frontend/src/utils/sum.tsx": {"path":"/home/nobimeromeo/Documents/projects/results-summary-component/frontend/src/utils/sum.tsx","all":false,"statementMap":{"0":{"start":{"line":1,"column":0},"end":{"line":1,"column":51}},"1":{"start":{"line":2,"column":0},"end":{"line":2,"column":64}},"2":{"start":{"line":3,"column":0},"end":{"line":3,"column":1}}},"s":{"0":1,"1":1,"2":1},"branchMap":{"0":{"type":"branch","line":1,"loc":{"start":{"line":1,"column":50},"end":{"line":3,"column":1}},"locations":[{"start":{"line":1,"column":50},"end":{"line":3,"column":1}}]},"1":{"type":"branch","line":2,"loc":{"start":{"line":2,"column":26},"end":{"line":2,"column":61}},"locations":[{"start":{"line":2,"column":26},"end":{"line":2,"column":61}}]}},"b":{"0":[1],"1":[3]},"fnMap":{"0":{"name":"sum","decl":{"start":{"line":1,"column":50},"end":{"line":3,"column":1}},"loc":{"start":{"line":1,"column":50},"end":{"line":3,"column":1}},"line":1}},"f":{"0":1}}
}
